<?xml version="1.0" encoding="UTF-8"?>
<!-- Generated by org.testng.reporters.JUnitReportReporter -->
<testsuite hostname="Sonu" failures="0" tests="2" name="com.pageobject.tests.UserDetailsPageTest" time="0.915" errors="0" timestamp="2023-05-31T13:33:39 IST" skipped="0">
  <testcase classname="com.pageobject.tests.UserDetailsPageTest" name="loginTest" time="0.291"/>
  <system-out/>
  <testcase classname="com.pageobject.tests.UserDetailsPageTest" name="validateUserAddedDetails" time="0.624"/>
  <system-out/>
</testsuite> <!-- com.pageobject.tests.UserDetailsPageTest -->
