<?xml version="1.0" encoding="UTF-8"?>
<!-- Generated by org.testng.reporters.JUnitReportReporter -->
<testsuite hostname="Sonu" failures="0" tests="3" name="com.pageobject.tests.DataDrivenTesting" time="29.237" errors="0" timestamp="2023-06-05T13:39:08 IST" skipped="0">
  <testcase classname="com.pageobject.tests.DataDrivenTesting" name="DataDrivenTest" time="18.617"/>
  <system-out/>
  <testcase classname="com.pageobject.tests.DataDrivenTesting" name="DataDrivenTest" time="5.045"/>
  <system-out/>
  <testcase classname="com.pageobject.tests.DataDrivenTesting" name="DataDrivenTest" time="5.575"/>
  <system-out/>
</testsuite> <!-- com.pageobject.tests.DataDrivenTesting -->
